[+] Containers:
 |- [+] Container: /Game/FirstPerson/Maps/FirstPersonMap
 |   |- [+] ActorDescs:
 |   |   |- Guid:01169F6B4DD1B00412459CAE50CCCAA8 BaseClass: NativeClass:/Script/Water.WaterZone Name:WaterZone_UAID_B42E99C26A95FB8101_2136072577 Label:WaterZone SpatiallyLoaded:0 Bounds:IsValid=true, Min=(X=-4153600.000 Y=-4153600.000 Z=-8192.000), Max=(X=4153600.000 Y=4153600.000 Z=8192.000) RuntimeGrid:None EditorOnly:0 RuntimeOnly:0 HLODRelevant:0
 |   |   |- Guid:11FA520C48E7FE9CB10FC48B4FDC1845 BaseClass: NativeClass:/Script/Landscape.LandscapeStreamingProxy Name:LandscapeStreamingProxy_5XQ2YKMA30N1420A59PUAK49O_30_2_0_0 Label:LandscapeStreamingProxy_2_0_0 SpatiallyLoaded:1 Bounds:IsValid=true, Min=(X=0.000 Y=-1500.000 Z=249.969), Max=(X=1500.000 Y=0.000 Z=286.688) RuntimeGrid:None EditorOnly:0 RuntimeOnly:0 HLODRelevant:1
 |   |   |- Guid:18002CBF43B67C19E48882AC2972DAB6 BaseClass: NativeClass:/Script/Landscape.LandscapeStreamingProxy Name:LandscapeStreamingProxy_5XQ2YKMA30N1420A59PUAK49O_30_1_0_0 Label:LandscapeStreamingProxy_1_0_0 SpatiallyLoaded:1 Bounds:IsValid=true, Min=(X=-3000.000 Y=-1500.000 Z=229.656), Max=(X=0.000 Y=0.000 Z=267.938) RuntimeGrid:None EditorOnly:0 RuntimeOnly:0 HLODRelevant:1
 |   |   |- Guid:1A7FAB2A4ED873746C4D00A7BC3CF615 BaseClass: NativeClass:/Script/Engine.StaticMeshActor Name:StaticMeshActor_UAID_B42E99C26A95878201_1447388202 Label:Box3 SpatiallyLoaded:1 Bounds:IsValid=true, Min=(X=-4.254 Y=-1499.821 Z=166.270), Max=(X=22.497 Y=1500.993 Z=288.700) RuntimeGrid:None EditorOnly:0 RuntimeOnly:0 HLODRelevant:0
 |   |   |- Guid:1A9201B640C0B53CE88CA4910DB81FFD BaseClass: NativeClass:/Script/Landscape.LandscapeStreamingProxy Name:LandscapeStreamingProxy_5XQ2YKMA30N1420A59PUAK49O_30_1_1_0 Label:LandscapeStreamingProxy_1_1_0 SpatiallyLoaded:1 Bounds:IsValid=true, Min=(X=-3000.000 Y=0.000 Z=224.969), Max=(X=0.000 Y=1500.000 Z=252.312) RuntimeGrid:None EditorOnly:0 RuntimeOnly:0 HLODRelevant:1
 |   |   |- Guid:3544E427441DDA323CD3078DD368F734 BaseClass: NativeClass:/Script/Engine.StaticMeshActor Name:StaticMeshActor_UAID_50EBF69C8E4D248201_1637481775 Label:Box SpatiallyLoaded:1 Bounds:IsValid=true, Min=(X=-3205.000 Y=1490.000 Z=100.000), Max=(X=4645.000 Y=1590.000 Z=650.000) RuntimeGrid:None EditorOnly:0 RuntimeOnly:0 HLODRelevant:0
 |   |   |- Guid:39C97BE04E805E366C62B49683A2303F BaseClass: NativeClass:/Script/Engine.StaticMeshActor Name:StaticMeshActor_UAID_B42E99C26A95868201_2048236025 Label:Box_DE4802F2 SpatiallyLoaded:1 Bounds:IsValid=true, Min=(X=4500.000 Y=-50.000 Z=160.000), Max=(X=4600.000 Y=50.000 Z=260.000) RuntimeGrid:None EditorOnly:0 RuntimeOnly:0 HLODRelevant:1
 |   |   |- Guid:42E7868945253637AA0973BCE7D4CD4F BaseClass: NativeClass:/Script/Engine.StaticMeshActor Name:StaticMeshActor_UAID_B42E99C26A95998201_2123573370 Label:brevno_small SpatiallyLoaded:1 Bounds:IsValid=true, Min=(X=2710.000 Y=571.787 Z=320.000), Max=(X=2815.844 Y=758.594 Z=365.832) RuntimeGrid:None EditorOnly:0 RuntimeOnly:0 HLODRelevant:0
 |   |   |- Guid:5794E8514F7CA5D577D3A4AFCC747B6F BaseClass: NativeClass:/Script/Engine.PlayerStart Name:PlayerStart_UAID_50EBF69C8E4D248201_1214864780 Label:PlayerStart SpatiallyLoaded:0 Bounds:IsValid=true, Min=(X=4018.586 Y=150.000 Z=307.122), Max=(X=4098.586 Y=230.000 Z=491.122) RuntimeGrid:None EditorOnly:0 RuntimeOnly:0 HLODRelevant:0
 |   |   |- Guid:5FE7584649BB6F09265329A6C57CFD0D BaseClass: NativeClass:/Script/Engine.VolumetricCloud Name:VolumetricCloud_0 Label:VolumetricCloud SpatiallyLoaded:0 Bounds:IsValid=true, Min=(X=0.000 Y=0.000 Z=820.000), Max=(X=0.000 Y=0.000 Z=820.000) RuntimeGrid:None EditorOnly:0 RuntimeOnly:0 HLODRelevant:0 FolderPath:Lighting FolderGuid:0BA5F0A04EADB18E70D5B180D08FA34B
 |   |   |- Guid:61391D344900612A77DFC3BA3E354907 BaseClass: NativeClass:/Script/Engine.ExponentialHeightFog Name:ExponentialHeightFog_0 Label:ExponentialHeightFog SpatiallyLoaded:0 Bounds:IsValid=true, Min=(X=-5600.000 Y=-50.000 Z=-6850.000), Max=(X=-5600.000 Y=-50.000 Z=-6850.000) RuntimeGrid:None EditorOnly:0 RuntimeOnly:0 HLODRelevant:0 FolderPath:Lighting FolderGuid:0BA5F0A04EADB18E70D5B180D08FA34B
 |   |   |- Guid:6CDE41874DC1B9A504266FBD2FC051FE BaseClass: NativeClass:/Script/Landscape.Landscape Name:Landscape_UAID_B42E99C26A95FB8101_1477363561 Label:Landscape SpatiallyLoaded:0 Bounds:IsValid=true, Min=(X=-6000.000 Y=-3000.000 Z=57.000), Max=(X=-6000.000 Y=-3000.000 Z=57.000) RuntimeGrid:None EditorOnly:0 RuntimeOnly:0 HLODRelevant:0
 |   |   |- Guid:6FEFB3BD4EB37B849EF0D4AC80F83855 BaseClass: NativeClass:/Script/Engine.WorldDataLayers Name:WorldDataLayers Label:WorldDataLayers SpatiallyLoaded:0 Bounds:IsValid=true, Min=(X=0.000 Y=0.000 Z=0.000), Max=(X=0.000 Y=0.000 Z=0.000) RuntimeGrid:None EditorOnly:0 RuntimeOnly:0 HLODRelevant:0
 |   |   |- Guid:71D2D8CC40D08D9AE3BF82A0E20EF1D6 BaseClass: NativeClass:/Script/Landscape.LandscapeStreamingProxy Name:LandscapeStreamingProxy_5XQ2YKMA30N1420A59PUAK49O_30_0_0_0 Label:LandscapeStreamingProxy_0_0_0 SpatiallyLoaded:1 Bounds:IsValid=true, Min=(X=-6000.000 Y=-3000.000 Z=57.000), Max=(X=-6000.000 Y=-3000.000 Z=57.000) RuntimeGrid:None EditorOnly:0 RuntimeOnly:0 HLODRelevant:0
 |   |   |- Guid:74321D4D4340A95601687FBBAB6C2E6B BaseClass:/Game/assets/car/blueprints/car_move.car_move_C NativeClass:/Script/Engine.Actor Name:car_move_C_UAID_B42E99C26A95C58201_1080774121 Label:car_move SpatiallyLoaded:1 Bounds:IsValid=true, Min=(X=-1358.079 Y=-1130.851 Z=228.994), Max=(X=-1033.976 Y=-640.415 Z=393.713) RuntimeGrid:None EditorOnly:0 RuntimeOnly:0 HLODRelevant:0 Parent:F35D2E6E45A115C367577B88ABD91D9C
 |   |   |- Guid:794D9431429DF939D1DE68A1F2DC37E9 BaseClass: NativeClass:/Script/Water.WaterBodyRiver Name:WaterBodyRiver_UAID_50EBF69C8E4D238201_1819456603 Label:WaterBodyRiver SpatiallyLoaded:1 Bounds:IsValid=true, Min=(X=966.411 Y=-13488.996 Z=-70.000), Max=(X=3743.589 Y=12338.996 Z=270.000) RuntimeGrid:None EditorOnly:0 RuntimeOnly:0 HLODRelevant:1
 |   |   |- Guid:8652903E461BA90F9446EBA5A9A0D0F5 BaseClass: NativeClass:/Script/Landscape.LandscapeStreamingProxy Name:LandscapeStreamingProxy_5XQ2YKMA30N1420A59PUAK49O_30_2_1_0 Label:LandscapeStreamingProxy_2_1_0 SpatiallyLoaded:1 Bounds:IsValid=true, Min=(X=0.000 Y=0.000 Z=232.781), Max=(X=1500.000 Y=1500.000 Z=286.688) RuntimeGrid:None EditorOnly:0 RuntimeOnly:0 HLODRelevant:1
 |   |   |- Guid:92069E8D4C5EE5004636A4A2A026FCBB BaseClass: NativeClass:/Script/Engine.StaticMeshActor Name:StaticMeshActor_UAID_B42E99C26A95898201_1886645560 Label:Box5 SpatiallyLoaded:1 Bounds:IsValid=true, Min=(X=-3205.000 Y=-1550.000 Z=100.000), Max=(X=4645.000 Y=-1450.000 Z=650.000) RuntimeGrid:None EditorOnly:0 RuntimeOnly:0 HLODRelevant:0
 |   |   |- Guid:9FDF01FF435D2A174E645FAD57D3ECC8 BaseClass: NativeClass:/Script/Engine.StaticMeshActor Name:StaticMeshActor_UAID_B42E99C26A95898201_1616725559 Label:Box4 SpatiallyLoaded:1 Bounds:IsValid=true, Min=(X=-1524.254 Y=-1499.821 Z=166.270), Max=(X=-1497.503 Y=1500.993 Z=288.700) RuntimeGrid:None EditorOnly:0 RuntimeOnly:0 HLODRelevant:0
 |   |   |- Guid:A87FE33E4E4C22ADA56DA38C381955CC BaseClass: NativeClass:/Script/Engine.StaticMeshActor Name:StaticMeshActor_UAID_B42E99C26A959A8201_1084937547 Label:brevno_small SpatiallyLoaded:1 Bounds:IsValid=true, Min=(X=2690.000 Y=721.787 Z=250.000), Max=(X=2795.844 Y=908.594 Z=295.832) RuntimeGrid:None EditorOnly:0 RuntimeOnly:0 HLODRelevant:0
 |   |   |- Guid:C0C56B9644AE3D40CAFF6A878DB29844 BaseClass: NativeClass:/Script/Engine.StaticMeshActor Name:StaticMeshActor_UAID_A4AE111137DC5EFB00_2001720423 Label:SM_SkySphere SpatiallyLoaded:0 Bounds:IsValid=true, Min=(X=-1638400.000 Y=-1638400.000 Z=-1638400.000), Max=(X=1638400.000 Y=1638400.000 Z=1638400.000) RuntimeGrid:None EditorOnly:0 RuntimeOnly:0 HLODRelevant:1 FolderPath:Lighting FolderGuid:0BA5F0A04EADB18E70D5B180D08FA34B
 |   |   |- Guid:C22CE07C4B87D685137FDBBC10FC92C6 BaseClass: NativeClass:/Script/Engine.SkyAtmosphere Name:SkyAtmosphere_0 Label:SkyAtmosphere SpatiallyLoaded:0 Bounds:IsValid=true, Min=(X=-1430.000 Y=0.000 Z=2090.000), Max=(X=-1430.000 Y=0.000 Z=2090.000) RuntimeGrid:None EditorOnly:0 RuntimeOnly:0 HLODRelevant:0 FolderPath:Lighting FolderGuid:0BA5F0A04EADB18E70D5B180D08FA34B
 |   |   |- Guid:CD5020194B2D43D53ECED991F3733510 BaseClass: NativeClass:/Script/Landscape.LandscapeStreamingProxy Name:LandscapeStreamingProxy_5XQ2YKMA30N1420A59PUAK49O_30_0_1_0 Label:LandscapeStreamingProxy_0_1_0 SpatiallyLoaded:1 Bounds:IsValid=true, Min=(X=-6000.000 Y=0.000 Z=57.000), Max=(X=-6000.000 Y=0.000 Z=57.000) RuntimeGrid:None EditorOnly:0 RuntimeOnly:0 HLODRelevant:0
 |   |   |- Guid:CE8D82634660FCDB3120E2B8D547C533 BaseClass: NativeClass:/Script/Engine.PostProcessVolume Name:PostProcessVolume_0 Label:PostProcessVolume SpatiallyLoaded:0 Bounds:IsValid=true, Min=(X=0.000 Y=0.000 Z=400.000), Max=(X=200.000 Y=200.000 Z=600.000) RuntimeGrid:None EditorOnly:0 RuntimeOnly:0 HLODRelevant:0 FolderPath:Lighting FolderGuid:0BA5F0A04EADB18E70D5B180D08FA34B
 |   |   |- Guid:D0EC174E4B79E91DAD2A289922EABFA4 BaseClass: NativeClass:/Script/Landscape.LandscapeStreamingProxy Name:LandscapeStreamingProxy_5XQ2YKMA30N1420A59PUAK49O_30_3_1_0 Label:LandscapeStreamingProxy_3_1_0 SpatiallyLoaded:1 Bounds:IsValid=true, Min=(X=3000.000 Y=0.000 Z=176.531), Max=(X=4500.000 Y=1500.000 Z=286.688) RuntimeGrid:None EditorOnly:0 RuntimeOnly:0 HLODRelevant:1
 |   |   |- Guid:D99B216F4A5D1C4218DC7E8D5405E28A BaseClass: NativeClass:/Script/WaterEditor.WaterBrushManager Name:Landscape_WaterBrushManager_5 Label:Landscape_WaterBrushManager SpatiallyLoaded:0 Bounds:IsValid=true, Min=(X=0.000 Y=0.000 Z=0.000), Max=(X=350.000 Y=1650.000 Z=50000.000) RuntimeGrid:None EditorOnly:0 RuntimeOnly:0 HLODRelevant:0
 |   |   |- Guid:DE29BCB5438AFB467C88BDAF2D3F492E BaseClass: NativeClass:/Script/LevelSequence.LevelSequenceActor Name:LevelSequenceActor_UAID_B42E99C26A95C28201_1106319586 Label:NewLevelSequence SpatiallyLoaded:0 Bounds:IsValid=true, Min=(X=-465.000 Y=-20.000 Z=610.000), Max=(X=-465.000 Y=-20.000 Z=610.000) RuntimeGrid:None EditorOnly:0 RuntimeOnly:0 HLODRelevant:0
 |   |   |- Guid:E5320C1B4FD9764CE7B54D8487AEC613 BaseClass: NativeClass:/Script/Engine.SkyLight Name:SkyLight_0 Label:SkyLight SpatiallyLoaded:0 Bounds:IsValid=true, Min=(X=0.000 Y=0.000 Z=690.000), Max=(X=0.000 Y=0.000 Z=690.000) RuntimeGrid:None EditorOnly:0 RuntimeOnly:0 HLODRelevant:0 FolderPath:Lighting FolderGuid:0BA5F0A04EADB18E70D5B180D08FA34B
 |   |   |- Guid:E68162534C19F42A495506AB7301352A BaseClass: NativeClass:/Script/Engine.StaticMeshActor Name:StaticMeshActor_UAID_B42E99C26A95878201_1899527204 Label:Box2 SpatiallyLoaded:1 Bounds:IsValid=true, Min=(X=-3205.000 Y=-1520.000 Z=100.000), Max=(X=4645.000 Y=-1420.000 Z=650.000) RuntimeGrid:None EditorOnly:0 RuntimeOnly:0 HLODRelevant:0
 |   |   |- Guid:EE66F4454A4A9F99393F559AB739C05E BaseClass:/Game/FirstPerson/Blueprints/BP_Pickup_Rifle.BP_Pickup_Rifle_C NativeClass:/Script/Engine.Actor Name:BP_Rifle_C_1 Label:BP_Pickup_Rifle SpatiallyLoaded:1 Bounds:IsValid=true, Min=(X=3828.000 Y=228.000 Z=304.000), Max=(X=3892.000 Y=317.440 Z=368.000) RuntimeGrid:None EditorOnly:0 RuntimeOnly:0 HLODRelevant:0
 |   |   |- Guid:F35D2E6E45A115C367577B88ABD91D9C BaseClass: NativeClass:/Script/CinematicCamera.CameraRig_Rail Name:CameraRig_Rail_UAID_B42E99C26A95C18201_1621000407 Label:CameraRig_Rail SpatiallyLoaded:1 Bounds:IsValid=true, Min=(X=-1202.639 Y=-1152.658 Z=234.183), Max=(X=-414.707 Y=1187.866 Z=251.896) RuntimeGrid:None EditorOnly:0 RuntimeOnly:0 HLODRelevant:0
 |   |   |- Guid:F80621C9446867154938FE81375207DA BaseClass: NativeClass:/Script/Engine.DirectionalLight Name:DirectionalLight_1 Label:DirectionalLight SpatiallyLoaded:0 Bounds:IsValid=true, Min=(X=-1048576.000 Y=-1048576.000 Z=-1048576.000), Max=(X=1048576.000 Y=1048576.000 Z=1048576.000) RuntimeGrid:None EditorOnly:0 RuntimeOnly:0 HLODRelevant:0 FolderPath:Lighting FolderGuid:0BA5F0A04EADB18E70D5B180D08FA34B
 |   |   |- Guid:F9FFB70C44411987605043ACCFCE1705 BaseClass: NativeClass:/Script/Landscape.LandscapeStreamingProxy Name:LandscapeStreamingProxy_5XQ2YKMA30N1420A59PUAK49O_30_3_0_0 Label:LandscapeStreamingProxy_3_0_0 SpatiallyLoaded:1 Bounds:IsValid=true, Min=(X=3000.000 Y=-1500.000 Z=195.281), Max=(X=4500.000 Y=0.000 Z=286.688) RuntimeGrid:None EditorOnly:0 RuntimeOnly:0 HLODRelevant:1
 |   |- [+] Clusters:
 |   |   |- [+] [  0]
 |   |   |   |- Guid:CD5020194B2D43D53ECED991F3733510 BaseClass: NativeClass:/Script/Landscape.LandscapeStreamingProxy Name:LandscapeStreamingProxy_5XQ2YKMA30N1420A59PUAK49O_30_0_1_0 Label:LandscapeStreamingProxy_0_1_0 SpatiallyLoaded:1 Bounds:IsValid=true, Min=(X=-6000.000 Y=0.000 Z=57.000), Max=(X=-6000.000 Y=0.000 Z=57.000) RuntimeGrid:None EditorOnly:0 RuntimeOnly:0 HLODRelevant:0
 |   |   |- [+] [  1]
 |   |   |   |- Guid:18002CBF43B67C19E48882AC2972DAB6 BaseClass: NativeClass:/Script/Landscape.LandscapeStreamingProxy Name:LandscapeStreamingProxy_5XQ2YKMA30N1420A59PUAK49O_30_1_0_0 Label:LandscapeStreamingProxy_1_0_0 SpatiallyLoaded:1 Bounds:IsValid=true, Min=(X=-3000.000 Y=-1500.000 Z=229.656), Max=(X=0.000 Y=0.000 Z=267.938) RuntimeGrid:None EditorOnly:0 RuntimeOnly:0 HLODRelevant:1
 |   |   |- [+] [  2]
 |   |   |   |- Guid:61391D344900612A77DFC3BA3E354907 BaseClass: NativeClass:/Script/Engine.ExponentialHeightFog Name:ExponentialHeightFog_0 Label:ExponentialHeightFog SpatiallyLoaded:0 Bounds:IsValid=true, Min=(X=-5600.000 Y=-50.000 Z=-6850.000), Max=(X=-5600.000 Y=-50.000 Z=-6850.000) RuntimeGrid:None EditorOnly:0 RuntimeOnly:0 HLODRelevant:0 FolderPath:Lighting FolderGuid:0BA5F0A04EADB18E70D5B180D08FA34B
 |   |   |- [+] [  3]
 |   |   |   |- Guid:5FE7584649BB6F09265329A6C57CFD0D BaseClass: NativeClass:/Script/Engine.VolumetricCloud Name:VolumetricCloud_0 Label:VolumetricCloud SpatiallyLoaded:0 Bounds:IsValid=true, Min=(X=0.000 Y=0.000 Z=820.000), Max=(X=0.000 Y=0.000 Z=820.000) RuntimeGrid:None EditorOnly:0 RuntimeOnly:0 HLODRelevant:0 FolderPath:Lighting FolderGuid:0BA5F0A04EADB18E70D5B180D08FA34B
 |   |   |- [+] [  4]
 |   |   |   |- Guid:01169F6B4DD1B00412459CAE50CCCAA8 BaseClass: NativeClass:/Script/Water.WaterZone Name:WaterZone_UAID_B42E99C26A95FB8101_2136072577 Label:WaterZone SpatiallyLoaded:0 Bounds:IsValid=true, Min=(X=-4153600.000 Y=-4153600.000 Z=-8192.000), Max=(X=4153600.000 Y=4153600.000 Z=8192.000) RuntimeGrid:None EditorOnly:0 RuntimeOnly:0 HLODRelevant:0
 |   |   |- [+] [  5]
 |   |   |   |- Guid:F80621C9446867154938FE81375207DA BaseClass: NativeClass:/Script/Engine.DirectionalLight Name:DirectionalLight_1 Label:DirectionalLight SpatiallyLoaded:0 Bounds:IsValid=true, Min=(X=-1048576.000 Y=-1048576.000 Z=-1048576.000), Max=(X=1048576.000 Y=1048576.000 Z=1048576.000) RuntimeGrid:None EditorOnly:0 RuntimeOnly:0 HLODRelevant:0 FolderPath:Lighting FolderGuid:0BA5F0A04EADB18E70D5B180D08FA34B
 |   |   |- [+] [  6]
 |   |   |   |- Guid:D0EC174E4B79E91DAD2A289922EABFA4 BaseClass: NativeClass:/Script/Landscape.LandscapeStreamingProxy Name:LandscapeStreamingProxy_5XQ2YKMA30N1420A59PUAK49O_30_3_1_0 Label:LandscapeStreamingProxy_3_1_0 SpatiallyLoaded:1 Bounds:IsValid=true, Min=(X=3000.000 Y=0.000 Z=176.531), Max=(X=4500.000 Y=1500.000 Z=286.688) RuntimeGrid:None EditorOnly:0 RuntimeOnly:0 HLODRelevant:1
 |   |   |- [+] [  7]
 |   |   |   |- Guid:794D9431429DF939D1DE68A1F2DC37E9 BaseClass: NativeClass:/Script/Water.WaterBodyRiver Name:WaterBodyRiver_UAID_50EBF69C8E4D238201_1819456603 Label:WaterBodyRiver SpatiallyLoaded:1 Bounds:IsValid=true, Min=(X=966.411 Y=-13488.996 Z=-70.000), Max=(X=3743.589 Y=12338.996 Z=270.000) RuntimeGrid:None EditorOnly:0 RuntimeOnly:0 HLODRelevant:1
 |   |   |- [+] [  8]
 |   |   |   |- Guid:92069E8D4C5EE5004636A4A2A026FCBB BaseClass: NativeClass:/Script/Engine.StaticMeshActor Name:StaticMeshActor_UAID_B42E99C26A95898201_1886645560 Label:Box5 SpatiallyLoaded:1 Bounds:IsValid=true, Min=(X=-3205.000 Y=-1550.000 Z=100.000), Max=(X=4645.000 Y=-1450.000 Z=650.000) RuntimeGrid:None EditorOnly:0 RuntimeOnly:0 HLODRelevant:0
 |   |   |- [+] [  9]
 |   |   |   |- Guid:1A9201B640C0B53CE88CA4910DB81FFD BaseClass: NativeClass:/Script/Landscape.LandscapeStreamingProxy Name:LandscapeStreamingProxy_5XQ2YKMA30N1420A59PUAK49O_30_1_1_0 Label:LandscapeStreamingProxy_1_1_0 SpatiallyLoaded:1 Bounds:IsValid=true, Min=(X=-3000.000 Y=0.000 Z=224.969), Max=(X=0.000 Y=1500.000 Z=252.312) RuntimeGrid:None EditorOnly:0 RuntimeOnly:0 HLODRelevant:1
 |   |   |- [+] [ 10]
 |   |   |   |- Guid:F9FFB70C44411987605043ACCFCE1705 BaseClass: NativeClass:/Script/Landscape.LandscapeStreamingProxy Name:LandscapeStreamingProxy_5XQ2YKMA30N1420A59PUAK49O_30_3_0_0 Label:LandscapeStreamingProxy_3_0_0 SpatiallyLoaded:1 Bounds:IsValid=true, Min=(X=3000.000 Y=-1500.000 Z=195.281), Max=(X=4500.000 Y=0.000 Z=286.688) RuntimeGrid:None EditorOnly:0 RuntimeOnly:0 HLODRelevant:1
 |   |   |- [+] [ 11]
 |   |   |   |- Guid:8652903E461BA90F9446EBA5A9A0D0F5 BaseClass: NativeClass:/Script/Landscape.LandscapeStreamingProxy Name:LandscapeStreamingProxy_5XQ2YKMA30N1420A59PUAK49O_30_2_1_0 Label:LandscapeStreamingProxy_2_1_0 SpatiallyLoaded:1 Bounds:IsValid=true, Min=(X=0.000 Y=0.000 Z=232.781), Max=(X=1500.000 Y=1500.000 Z=286.688) RuntimeGrid:None EditorOnly:0 RuntimeOnly:0 HLODRelevant:1
 |   |   |- [+] [ 12]
 |   |   |   |- Guid:E68162534C19F42A495506AB7301352A BaseClass: NativeClass:/Script/Engine.StaticMeshActor Name:StaticMeshActor_UAID_B42E99C26A95878201_1899527204 Label:Box2 SpatiallyLoaded:1 Bounds:IsValid=true, Min=(X=-3205.000 Y=-1520.000 Z=100.000), Max=(X=4645.000 Y=-1420.000 Z=650.000) RuntimeGrid:None EditorOnly:0 RuntimeOnly:0 HLODRelevant:0
 |   |   |- [+] [ 13]
 |   |   |   |- Guid:EE66F4454A4A9F99393F559AB739C05E BaseClass:/Game/FirstPerson/Blueprints/BP_Pickup_Rifle.BP_Pickup_Rifle_C NativeClass:/Script/Engine.Actor Name:BP_Rifle_C_1 Label:BP_Pickup_Rifle SpatiallyLoaded:1 Bounds:IsValid=true, Min=(X=3828.000 Y=228.000 Z=304.000), Max=(X=3892.000 Y=317.440 Z=368.000) RuntimeGrid:None EditorOnly:0 RuntimeOnly:0 HLODRelevant:0
 |   |   |- [+] [ 14]
 |   |   |   |- Guid:E5320C1B4FD9764CE7B54D8487AEC613 BaseClass: NativeClass:/Script/Engine.SkyLight Name:SkyLight_0 Label:SkyLight SpatiallyLoaded:0 Bounds:IsValid=true, Min=(X=0.000 Y=0.000 Z=690.000), Max=(X=0.000 Y=0.000 Z=690.000) RuntimeGrid:None EditorOnly:0 RuntimeOnly:0 HLODRelevant:0 FolderPath:Lighting FolderGuid:0BA5F0A04EADB18E70D5B180D08FA34B
 |   |   |- [+] [ 15]
 |   |   |   |- Guid:71D2D8CC40D08D9AE3BF82A0E20EF1D6 BaseClass: NativeClass:/Script/Landscape.LandscapeStreamingProxy Name:LandscapeStreamingProxy_5XQ2YKMA30N1420A59PUAK49O_30_0_0_0 Label:LandscapeStreamingProxy_0_0_0 SpatiallyLoaded:1 Bounds:IsValid=true, Min=(X=-6000.000 Y=-3000.000 Z=57.000), Max=(X=-6000.000 Y=-3000.000 Z=57.000) RuntimeGrid:None EditorOnly:0 RuntimeOnly:0 HLODRelevant:0
 |   |   |- [+] [ 16]
 |   |   |   |- Guid:9FDF01FF435D2A174E645FAD57D3ECC8 BaseClass: NativeClass:/Script/Engine.StaticMeshActor Name:StaticMeshActor_UAID_B42E99C26A95898201_1616725559 Label:Box4 SpatiallyLoaded:1 Bounds:IsValid=true, Min=(X=-1524.254 Y=-1499.821 Z=166.270), Max=(X=-1497.503 Y=1500.993 Z=288.700) RuntimeGrid:None EditorOnly:0 RuntimeOnly:0 HLODRelevant:0
 |   |   |- [+] [ 17]
 |   |   |   |- Guid:3544E427441DDA323CD3078DD368F734 BaseClass: NativeClass:/Script/Engine.StaticMeshActor Name:StaticMeshActor_UAID_50EBF69C8E4D248201_1637481775 Label:Box SpatiallyLoaded:1 Bounds:IsValid=true, Min=(X=-3205.000 Y=1490.000 Z=100.000), Max=(X=4645.000 Y=1590.000 Z=650.000) RuntimeGrid:None EditorOnly:0 RuntimeOnly:0 HLODRelevant:0
 |   |   |- [+] [ 18]
 |   |   |   |- Guid:11FA520C48E7FE9CB10FC48B4FDC1845 BaseClass: NativeClass:/Script/Landscape.LandscapeStreamingProxy Name:LandscapeStreamingProxy_5XQ2YKMA30N1420A59PUAK49O_30_2_0_0 Label:LandscapeStreamingProxy_2_0_0 SpatiallyLoaded:1 Bounds:IsValid=true, Min=(X=0.000 Y=-1500.000 Z=249.969), Max=(X=1500.000 Y=0.000 Z=286.688) RuntimeGrid:None EditorOnly:0 RuntimeOnly:0 HLODRelevant:1
 |   |   |- [+] [ 19]
 |   |   |   |- Guid:39C97BE04E805E366C62B49683A2303F BaseClass: NativeClass:/Script/Engine.StaticMeshActor Name:StaticMeshActor_UAID_B42E99C26A95868201_2048236025 Label:Box_DE4802F2 SpatiallyLoaded:1 Bounds:IsValid=true, Min=(X=4500.000 Y=-50.000 Z=160.000), Max=(X=4600.000 Y=50.000 Z=260.000) RuntimeGrid:None EditorOnly:0 RuntimeOnly:0 HLODRelevant:1
 |   |   |- [+] [ 20]
 |   |   |   |- Guid:A87FE33E4E4C22ADA56DA38C381955CC BaseClass: NativeClass:/Script/Engine.StaticMeshActor Name:StaticMeshActor_UAID_B42E99C26A959A8201_1084937547 Label:brevno_small SpatiallyLoaded:1 Bounds:IsValid=true, Min=(X=2690.000 Y=721.787 Z=250.000), Max=(X=2795.844 Y=908.594 Z=295.832) RuntimeGrid:None EditorOnly:0 RuntimeOnly:0 HLODRelevant:0
 |   |   |- [+] [ 21]
 |   |   |   |- Guid:1A7FAB2A4ED873746C4D00A7BC3CF615 BaseClass: NativeClass:/Script/Engine.StaticMeshActor Name:StaticMeshActor_UAID_B42E99C26A95878201_1447388202 Label:Box3 SpatiallyLoaded:1 Bounds:IsValid=true, Min=(X=-4.254 Y=-1499.821 Z=166.270), Max=(X=22.497 Y=1500.993 Z=288.700) RuntimeGrid:None EditorOnly:0 RuntimeOnly:0 HLODRelevant:0
 |   |   |- [+] [ 22]
 |   |   |   |- Guid:42E7868945253637AA0973BCE7D4CD4F BaseClass: NativeClass:/Script/Engine.StaticMeshActor Name:StaticMeshActor_UAID_B42E99C26A95998201_2123573370 Label:brevno_small SpatiallyLoaded:1 Bounds:IsValid=true, Min=(X=2710.000 Y=571.787 Z=320.000), Max=(X=2815.844 Y=758.594 Z=365.832) RuntimeGrid:None EditorOnly:0 RuntimeOnly:0 HLODRelevant:0
 |   |   |- [+] [ 23]
 |   |   |   |- Guid:C22CE07C4B87D685137FDBBC10FC92C6 BaseClass: NativeClass:/Script/Engine.SkyAtmosphere Name:SkyAtmosphere_0 Label:SkyAtmosphere SpatiallyLoaded:0 Bounds:IsValid=true, Min=(X=-1430.000 Y=0.000 Z=2090.000), Max=(X=-1430.000 Y=0.000 Z=2090.000) RuntimeGrid:None EditorOnly:0 RuntimeOnly:0 HLODRelevant:0 FolderPath:Lighting FolderGuid:0BA5F0A04EADB18E70D5B180D08FA34B
 |   |   |- [+] [ 24]
 |   |   |   |- Guid:C0C56B9644AE3D40CAFF6A878DB29844 BaseClass: NativeClass:/Script/Engine.StaticMeshActor Name:StaticMeshActor_UAID_A4AE111137DC5EFB00_2001720423 Label:SM_SkySphere SpatiallyLoaded:0 Bounds:IsValid=true, Min=(X=-1638400.000 Y=-1638400.000 Z=-1638400.000), Max=(X=1638400.000 Y=1638400.000 Z=1638400.000) RuntimeGrid:None EditorOnly:0 RuntimeOnly:0 HLODRelevant:1 FolderPath:Lighting FolderGuid:0BA5F0A04EADB18E70D5B180D08FA34B
 |   |   |- [+] [ 25]
 |   |   |   |- Guid:6FEFB3BD4EB37B849EF0D4AC80F83855 BaseClass: NativeClass:/Script/Engine.WorldDataLayers Name:WorldDataLayers Label:WorldDataLayers SpatiallyLoaded:0 Bounds:IsValid=true, Min=(X=0.000 Y=0.000 Z=0.000), Max=(X=0.000 Y=0.000 Z=0.000) RuntimeGrid:None EditorOnly:0 RuntimeOnly:0 HLODRelevant:0
 |   |   |- [+] [ 26]
 |   |   |   |- Guid:6CDE41874DC1B9A504266FBD2FC051FE BaseClass: NativeClass:/Script/Landscape.Landscape Name:Landscape_UAID_B42E99C26A95FB8101_1477363561 Label:Landscape SpatiallyLoaded:0 Bounds:IsValid=true, Min=(X=-6000.000 Y=-3000.000 Z=57.000), Max=(X=-6000.000 Y=-3000.000 Z=57.000) RuntimeGrid:None EditorOnly:0 RuntimeOnly:0 HLODRelevant:0
 |   |   |   |- Guid:D99B216F4A5D1C4218DC7E8D5405E28A BaseClass: NativeClass:/Script/WaterEditor.WaterBrushManager Name:Landscape_WaterBrushManager_5 Label:Landscape_WaterBrushManager SpatiallyLoaded:0 Bounds:IsValid=true, Min=(X=0.000 Y=0.000 Z=0.000), Max=(X=350.000 Y=1650.000 Z=50000.000) RuntimeGrid:None EditorOnly:0 RuntimeOnly:0 HLODRelevant:0
 |   |   |- [+] [ 27]
 |   |   |   |- Guid:5794E8514F7CA5D577D3A4AFCC747B6F BaseClass: NativeClass:/Script/Engine.PlayerStart Name:PlayerStart_UAID_50EBF69C8E4D248201_1214864780 Label:PlayerStart SpatiallyLoaded:0 Bounds:IsValid=true, Min=(X=4018.586 Y=150.000 Z=307.122), Max=(X=4098.586 Y=230.000 Z=491.122) RuntimeGrid:None EditorOnly:0 RuntimeOnly:0 HLODRelevant:0
 |   |   |- [+] [ 28]
 |   |   |   |- Guid:CE8D82634660FCDB3120E2B8D547C533 BaseClass: NativeClass:/Script/Engine.PostProcessVolume Name:PostProcessVolume_0 Label:PostProcessVolume SpatiallyLoaded:0 Bounds:IsValid=true, Min=(X=0.000 Y=0.000 Z=400.000), Max=(X=200.000 Y=200.000 Z=600.000) RuntimeGrid:None EditorOnly:0 RuntimeOnly:0 HLODRelevant:0 FolderPath:Lighting FolderGuid:0BA5F0A04EADB18E70D5B180D08FA34B
 |   |   |- [+] [ 29]
 |   |   |   |- Guid:DE29BCB5438AFB467C88BDAF2D3F492E BaseClass: NativeClass:/Script/LevelSequence.LevelSequenceActor Name:LevelSequenceActor_UAID_B42E99C26A95C28201_1106319586 Label:NewLevelSequence SpatiallyLoaded:0 Bounds:IsValid=true, Min=(X=-465.000 Y=-20.000 Z=610.000), Max=(X=-465.000 Y=-20.000 Z=610.000) RuntimeGrid:None EditorOnly:0 RuntimeOnly:0 HLODRelevant:0
 |   |   |- [+] [ 30]
 |   |   |   |- Guid:74321D4D4340A95601687FBBAB6C2E6B BaseClass:/Game/assets/car/blueprints/car_move.car_move_C NativeClass:/Script/Engine.Actor Name:car_move_C_UAID_B42E99C26A95C58201_1080774121 Label:car_move SpatiallyLoaded:1 Bounds:IsValid=true, Min=(X=-1358.079 Y=-1130.851 Z=228.994), Max=(X=-1033.976 Y=-640.415 Z=393.713) RuntimeGrid:None EditorOnly:0 RuntimeOnly:0 HLODRelevant:0 Parent:F35D2E6E45A115C367577B88ABD91D9C
 |   |   |   |- Guid:F35D2E6E45A115C367577B88ABD91D9C BaseClass: NativeClass:/Script/CinematicCamera.CameraRig_Rail Name:CameraRig_Rail_UAID_B42E99C26A95C18201_1621000407 Label:CameraRig_Rail SpatiallyLoaded:1 Bounds:IsValid=true, Min=(X=-1202.639 Y=-1152.658 Z=234.183), Max=(X=-414.707 Y=1187.866 Z=251.896) RuntimeGrid:None EditorOnly:0 RuntimeOnly:0 HLODRelevant:0
 |- ContainerInstances:
 |- [+] MainContainer:
 |   |-        ID: 0x0000000000000000
 |   |-    Bounds: IsValid=false, Min=(X=0.000 Y=0.000 Z=0.000), Max=(X=0.000 Y=0.000 Z=0.000)
 |   |- Transform: 0.000000,0.000000,0.000000|0.000000,0.000000,-0.000000|1.000000,1.000000,1.000000
 |   |- Container: /Game/FirstPerson/Maps/FirstPersonMap
----------------------------------------------------------------------------------------------------------------
FirstPersonMap - Persistent Level
----------------------------------------------------------------------------------------------------------------
Always loaded Actor Count: 50 

----------------------------------------------------------------------------------------------------------------
FirstPersonMap - Runtime Spatial Hash - Streaming Grid - MainGrid
----------------------------------------------------------------------------------------------------------------
            Origin: X=0.000 Y=0.000 Z=0.000
         Cell Size: 12800
      World Bounds: IsValid=false, Min=(X=0.000 Y=0.000 Z=0.000), Max=(X=0.000 Y=0.000 Z=0.000)
     Loading Range: 25600.00
Block Slow Loading: No
 ClientOnlyVisible: No

[+] Grid Levels: 1
 |- Level  0: Cell Count    0 | Cell Size   12800 | Actor Count    0 (0.0%)

[+] Content of Grid Level 0

